<?xml version="1.0" encoding="UTF-8"?>
<!-- Generated by org.testng.reporters.JUnitReportReporter -->
<testsuite hostname="dac-20" failures="0" tests="3" name="com.example.Sele.AppTest" time="7.292" errors="0" timestamp="2024-12-11T21:20:21 IST" skipped="0">
  <testcase classname="com.example.Sele.AppTest" name="testDropdownInteraction" time="2.462"/>
  <testcase classname="com.example.Sele.AppTest" name="testTextBoxAndButton" time="2.751"/>
  <testcase classname="com.example.Sele.AppTest" name="testRadioButtonSelection" time="2.079"/>
</testsuite> <!-- com.example.Sele.AppTest -->
