<?xml version="1.0" encoding="UTF-8"?>
<testng-results ignored="0" total="3" passed="3" failed="0" skipped="0">
  <reporter-output>
  </reporter-output>
  <suite started-at="2024-12-11T21:20:13 IST" name="Default suite" finished-at="2024-12-11T21:20:20 IST" duration-ms="7347">
    <groups>
    </groups>
    <test started-at="2024-12-11T21:20:13 IST" name="Default test" finished-at="2024-12-11T21:20:20 IST" duration-ms="7347">
      <class name="com.example.Sele.AppTest">
        <test-method is-config="true" signature="setUp()[pri:0, instance:com.example.Sele.AppTest@7ce026d3]" started-at="2024-12-11T21:20:13 IST" name="setUp" finished-at="2024-12-11T21:20:15 IST" duration-ms="2364" status="PASS">
          <reporter-output>
          </reporter-output>
        </test-method> <!-- setUp -->
        <test-method signature="testDropdownInteraction()[pri:0, instance:com.example.Sele.AppTest@7ce026d3]" started-at="2024-12-11T21:20:15 IST" name="testDropdownInteraction" finished-at="2024-12-11T21:20:16 IST" duration-ms="180" status="PASS">
          <reporter-output>
          </reporter-output>
        </test-method> <!-- testDropdownInteraction -->
        <test-method is-config="true" signature="tearDown()[pri:0, instance:com.example.Sele.AppTest@7ce026d3]" started-at="2024-12-11T21:20:16 IST" name="tearDown" finished-at="2024-12-11T21:20:16 IST" duration-ms="135" status="PASS">
          <reporter-output>
          </reporter-output>
        </test-method> <!-- tearDown -->
        <test-method is-config="true" signature="setUp()[pri:0, instance:com.example.Sele.AppTest@7ce026d3]" started-at="2024-12-11T21:20:16 IST" name="setUp" finished-at="2024-12-11T21:20:18 IST" duration-ms="1823" status="PASS">
          <reporter-output>
          </reporter-output>
        </test-method> <!-- setUp -->
        <test-method signature="testRadioButtonSelection()[pri:0, instance:com.example.Sele.AppTest@7ce026d3]" started-at="2024-12-11T21:20:18 IST" name="testRadioButtonSelection" finished-at="2024-12-11T21:20:18 IST" duration-ms="115" status="PASS">
          <reporter-output>
          </reporter-output>
        </test-method> <!-- testRadioButtonSelection -->
        <test-method is-config="true" signature="tearDown()[pri:0, instance:com.example.Sele.AppTest@7ce026d3]" started-at="2024-12-11T21:20:18 IST" name="tearDown" finished-at="2024-12-11T21:20:18 IST" duration-ms="149" status="PASS">
          <reporter-output>
          </reporter-output>
        </test-method> <!-- tearDown -->
        <test-method is-config="true" signature="setUp()[pri:0, instance:com.example.Sele.AppTest@7ce026d3]" started-at="2024-12-11T21:20:18 IST" name="setUp" finished-at="2024-12-11T21:20:20 IST" duration-ms="2133" status="PASS">
          <reporter-output>
          </reporter-output>
        </test-method> <!-- setUp -->
        <test-method signature="testTextBoxAndButton()[pri:0, instance:com.example.Sele.AppTest@7ce026d3]" started-at="2024-12-11T21:20:20 IST" name="testTextBoxAndButton" finished-at="2024-12-11T21:20:20 IST" duration-ms="252" status="PASS">
          <reporter-output>
          </reporter-output>
        </test-method> <!-- testTextBoxAndButton -->
        <test-method is-config="true" signature="tearDown()[pri:0, instance:com.example.Sele.AppTest@7ce026d3]" started-at="2024-12-11T21:20:20 IST" name="tearDown" finished-at="2024-12-11T21:20:20 IST" duration-ms="141" status="PASS">
          <reporter-output>
          </reporter-output>
        </test-method> <!-- tearDown -->
      </class> <!-- com.example.Sele.AppTest -->
    </test> <!-- Default test -->
  </suite> <!-- Default suite -->
</testng-results>
