<?xml version="1.0" encoding="UTF-8"?>
<!-- Generated by org.testng.reporters.JUnitXMLReporter -->
<testsuite ignored="0" hostname="dac-20" failures="0" tests="3" name="Default test" time="7.347" errors="0" timestamp="2024-12-11T21:20:20 IST">
  <testcase classname="com.example.Sele.AppTest" name="testDropdownInteraction" time="0.18"/>
  <testcase classname="com.example.Sele.AppTest" name="testRadioButtonSelection" time="0.115"/>
  <testcase classname="com.example.Sele.AppTest" name="testTextBoxAndButton" time="0.252"/>
</testsuite> <!-- Default test -->
